<?xml version="1.0" encoding="UTF-8"?>
<!-- Generated by org.testng.reporters.JUnitReportReporter -->
<testsuite hostname="Parimal-PC" failures="0" tests="1" name="airlines.AirlineTests" time="5.182" errors="0" timestamp="2024-08-25T16:13:09 IST" skipped="0">
  <testcase classname="airlines.AirlineTests" name="createAirline" time="5.182"/>
</testsuite> <!-- airlines.AirlineTests -->
